# JRE version: OpenJDK Runtime Environment Temurin-21.0.8+9 (21.0.8+9) (build 21.0.8+9-LTS)
# Java VM: OpenJDK 64-Bit Server VM Temurin-21.0.8+9 (21.0.8+9-LTS, mixed mode, sharing, tiered, compressed oops, compressed class ptrs, parallel gc, windows-amd64)
GC Precious Log:
 CardTable entry size: 512
 CPUs: 12 total, 12 available
 Memory: 16163M
 Large Page Support: Disabled
 NUMA Support: Disabled
 Compressed Oops: Enabled (32-bit)
 Alignments: Space 512K, Generation 512K, Heap 2M
 Heap Min Capacity: 100M
 Heap Initial Capacity: 100M
 Heap Max Capacity: 2G
 Pre-touch: Disabled
 Parallel Workers: 10
Heap:
 PSYoungGen      total 9728K, used 7527K [0x00000000d5580000, 0x00000000d6200000, 0x0000000100000000)
  eden space 7168K, 95% used [0x00000000d5580000,0x00000000d5c2ac98,0x00000000d5c80000)
  from space 2560K, 27% used [0x00000000d5e00000,0x00000000d5eaf348,0x00000000d6080000)
  to   space 1536K, 0% used [0x00000000d6080000,0x00000000d6080000,0x00000000d6200000)
 ParOldGen       total 150528K, used 112816K [0x0000000080000000, 0x0000000089300000, 0x00000000d5580000)
  object space 150528K, 74% used [0x0000000080000000,0x0000000086e2c3f0,0x0000000089300000)
 Metaspace       used 66564K, committed 67968K, reserved 1114112K
  class space    used 7578K, committed 8192K, reserved 1048576K
GC Heap History (20 events):
Event: 24.650 GC heap before
{Heap before GC invocations=85 (full 3):
 PSYoungGen      total 7680K, used 7456K [0x00000000d5580000, 0x00000000d6600000, 0x0000000100000000)
  eden space 7168K, 100% used [0x00000000d5580000,0x00000000d5c80000,0x00000000d5c80000)
  from space 512K, 56% used [0x00000000d6500000,0x00000000d6548000,0x00000000d6580000)
  to   space 512K, 0% used [0x00000000d6580000,0x00000000d6580000,0x00000000d6600000)
 ParOldGen       total 150528K, used 86803K [0x0000000080000000, 0x0000000089300000, 0x00000000d5580000)
  object space 150528K, 57% used [0x0000000080000000,0x00000000854c4d08,0x0000000089300000)
 Metaspace       used 64470K, committed 65728K, reserved 1114112K
  class space    used 7364K, committed 7872K, reserved 1048576K
}
Event: 24.650 GC heap after
{Heap after GC invocations=85 (full 3):
 PSYoungGen      total 7680K, used 192K [0x00000000d5580000, 0x00000000d6600000, 0x0000000100000000)
  eden space 7168K, 0% used [0x00000000d5580000,0x00000000d5580000,0x00000000d5c80000)
  from space 512K, 37% used [0x00000000d6580000,0x00000000d65b0000,0x00000000d6600000)
  to   space 512K, 0% used [0x00000000d6500000,0x00000000d6500000,0x00000000d6580000)
 ParOldGen       total 150528K, used 86859K [0x0000000080000000, 0x0000000089300000, 0x00000000d5580000)
  object space 150528K, 57% used [0x0000000080000000,0x00000000854d2d08,0x0000000089300000)
 Metaspace       used 64470K, committed 65728K, reserved 1114112K
  class space    used 7364K, committed 7872K, reserved 1048576K
}
Event: 24.751 GC heap before
{Heap before GC invocations=86 (full 3):
 PSYoungGen      total 7680K, used 7360K [0x00000000d5580000, 0x00000000d6600000, 0x0000000100000000)
  eden space 7168K, 100% used [0x00000000d5580000,0x00000000d5c80000,0x00000000d5c80000)
  from space 512K, 37% used [0x00000000d6580000,0x00000000d65b0000,0x00000000d6600000)
  to   space 512K, 0% used [0x00000000d6500000,0x00000000d6500000,0x00000000d6580000)
 ParOldGen       total 150528K, used 86859K [0x0000000080000000, 0x0000000089300000, 0x00000000d5580000)
  object space 150528K, 57% used [0x0000000080000000,0x00000000854d2d08,0x0000000089300000)
 Metaspace       used 64470K, committed 65728K, reserved 1114112K
  class space    used 7364K, committed 7872K, reserved 1048576K
}
Event: 24.751 GC heap after
{Heap after GC invocations=86 (full 3):
 PSYoungGen      total 7680K, used 160K [0x00000000d5580000, 0x00000000d6600000, 0x0000000100000000)
  eden space 7168K, 0% used [0x00000000d5580000,0x00000000d5580000,0x00000000d5c80000)
  from space 512K, 31% used [0x00000000d6500000,0x00000000d6528000,0x00000000d6580000)
  to   space 512K, 0% used [0x00000000d6580000,0x00000000d6580000,0x00000000d6600000)
 ParOldGen       total 150528K, used 86875K [0x0000000080000000, 0x0000000089300000, 0x00000000d5580000)
  object space 150528K, 57% used [0x0000000080000000,0x00000000854d6d08,0x0000000089300000)
 Metaspace       used 64470K, committed 65728K, reserved 1114112K
  class space    used 7364K, committed 7872K, reserved 1048576K
}
Event: 24.845 GC heap before
{Heap before GC invocations=87 (full 3):
 PSYoungGen      total 7680K, used 7327K [0x00000000d5580000, 0x00000000d6600000, 0x0000000100000000)
  eden space 7168K, 99% used [0x00000000d5580000,0x00000000d5c7fff8,0x00000000d5c80000)
  from space 512K, 31% used [0x00000000d6500000,0x00000000d6528000,0x00000000d6580000)
  to   space 512K, 0% used [0x00000000d6580000,0x00000000d6580000,0x00000000d6600000)
 ParOldGen       total 150528K, used 86875K [0x0000000080000000, 0x0000000089300000, 0x00000000d5580000)
  object space 150528K, 57% used [0x0000000080000000,0x00000000854d6d08,0x0000000089300000)
 Metaspace       used 64769K, committed 66176K, reserved 1114112K
  class space    used 7402K, committed 8000K, reserved 1048576K
}
Event: 24.846 GC heap after
{Heap after GC invocations=87 (full 3):
 PSYoungGen      total 7680K, used 472K [0x00000000d5580000, 0x00000000d6600000, 0x0000000100000000)
  eden space 7168K, 0% used [0x00000000d5580000,0x00000000d5580000,0x00000000d5c80000)
  from space 512K, 92% used [0x00000000d6580000,0x00000000d65f61a8,0x00000000d6600000)
  to   space 1024K, 0% used [0x00000000d6400000,0x00000000d6400000,0x00000000d6500000)
 ParOldGen       total 150528K, used 86883K [0x0000000080000000, 0x0000000089300000, 0x00000000d5580000)
  object space 150528K, 57% used [0x0000000080000000,0x00000000854d8d08,0x0000000089300000)
 Metaspace       used 64769K, committed 66176K, reserved 1114112K
  class space    used 7402K, committed 8000K, reserved 1048576K
}
Event: 24.908 GC heap before
{Heap before GC invocations=88 (full 3):
 PSYoungGen      total 7680K, used 7640K [0x00000000d5580000, 0x00000000d6600000, 0x0000000100000000)
  eden space 7168K, 100% used [0x00000000d5580000,0x00000000d5c80000,0x00000000d5c80000)
  from space 512K, 92% used [0x00000000d6580000,0x00000000d65f61a8,0x00000000d6600000)
  to   space 1024K, 0% used [0x00000000d6400000,0x00000000d6400000,0x00000000d6500000)
 ParOldGen       total 150528K, used 86883K [0x0000000080000000, 0x0000000089300000, 0x00000000d5580000)
  object space 150528K, 57% used [0x0000000080000000,0x00000000854d8d08,0x0000000089300000)
 Metaspace       used 65230K, committed 66688K, reserved 1114112K
  class space    used 7453K, committed 8064K, reserved 1048576K
}
Event: 24.910 GC heap after
{Heap after GC invocations=88 (full 3):
 PSYoungGen      total 8192K, used 1008K [0x00000000d5580000, 0x00000000d6600000, 0x0000000100000000)
  eden space 7168K, 0% used [0x00000000d5580000,0x00000000d5580000,0x00000000d5c80000)
  from space 1024K, 98% used [0x00000000d6400000,0x00000000d64fc230,0x00000000d6500000)
  to   space 1024K, 0% used [0x00000000d6500000,0x00000000d6500000,0x00000000d6600000)
 ParOldGen       total 150528K, used 88696K [0x0000000080000000, 0x0000000089300000, 0x00000000d5580000)
  object space 150528K, 58% used [0x0000000080000000,0x000000008569e358,0x0000000089300000)
 Metaspace       used 65230K, committed 66688K, reserved 1114112K
  class space    used 7453K, committed 8064K, reserved 1048576K
}
Event: 24.952 GC heap before
{Heap before GC invocations=89 (full 3):
 PSYoungGen      total 8192K, used 8176K [0x00000000d5580000, 0x00000000d6600000, 0x0000000100000000)
  eden space 7168K, 100% used [0x00000000d5580000,0x00000000d5c80000,0x00000000d5c80000)
  from space 1024K, 98% used [0x00000000d6400000,0x00000000d64fc230,0x00000000d6500000)
  to   space 1024K, 0% used [0x00000000d6500000,0x00000000d6500000,0x00000000d6600000)
 ParOldGen       total 150528K, used 88696K [0x0000000080000000, 0x0000000089300000, 0x00000000d5580000)
  object space 150528K, 58% used [0x0000000080000000,0x000000008569e358,0x0000000089300000)
 Metaspace       used 65372K, committed 66752K, reserved 1114112K
  class space    used 7468K, committed 8064K, reserved 1048576K
}
Event: 24.955 GC heap after
{Heap after GC invocations=89 (full 3):
 PSYoungGen      total 8192K, used 1008K [0x00000000d5580000, 0x00000000d6a80000, 0x0000000100000000)
  eden space 7168K, 0% used [0x00000000d5580000,0x00000000d5580000,0x00000000d5c80000)
  from space 1024K, 98% used [0x00000000d6500000,0x00000000d65fc138,0x00000000d6600000)
  to   space 7168K, 0% used [0x00000000d5c80000,0x00000000d5c80000,0x00000000d6380000)
 ParOldGen       total 150528K, used 94133K [0x0000000080000000, 0x0000000089300000, 0x00000000d5580000)
  object space 150528K, 62% used [0x0000000080000000,0x0000000085bed550,0x0000000089300000)
 Metaspace       used 65372K, committed 66752K, reserved 1114112K
  class space    used 7468K, committed 8064K, reserved 1048576K
}
Event: 24.974 GC heap before
{Heap before GC invocations=90 (full 3):
 PSYoungGen      total 8192K, used 8176K [0x00000000d5580000, 0x00000000d6a80000, 0x0000000100000000)
  eden space 7168K, 99% used [0x00000000d5580000,0x00000000d5c7fff0,0x00000000d5c80000)
  from space 1024K, 98% used [0x00000000d6500000,0x00000000d65fc138,0x00000000d6600000)
  to   space 7168K, 0% used [0x00000000d5c80000,0x00000000d5c80000,0x00000000d6380000)
 ParOldGen       total 150528K, used 94133K [0x0000000080000000, 0x0000000089300000, 0x00000000d5580000)
  object space 150528K, 62% used [0x0000000080000000,0x0000000085bed550,0x0000000089300000)
 Metaspace       used 65453K, committed 66816K, reserved 1114112K
  class space    used 7478K, committed 8064K, reserved 1048576K
}
Event: 24.978 GC heap after
{Heap after GC invocations=90 (full 3):
 PSYoungGen      total 14336K, used 6509K [0x00000000d5580000, 0x00000000d6a80000, 0x0000000100000000)
  eden space 7168K, 0% used [0x00000000d5580000,0x00000000d5580000,0x00000000d5c80000)
  from space 7168K, 90% used [0x00000000d5c80000,0x00000000d62db4e0,0x00000000d6380000)
  to   space 7168K, 0% used [0x00000000d6380000,0x00000000d6380000,0x00000000d6a80000)
 ParOldGen       total 150528K, used 95157K [0x0000000080000000, 0x0000000089300000, 0x00000000d5580000)
  object space 150528K, 63% used [0x0000000080000000,0x0000000085ced730,0x0000000089300000)
 Metaspace       used 65453K, committed 66816K, reserved 1114112K
  class space    used 7478K, committed 8064K, reserved 1048576K
}
Event: 25.004 GC heap before
{Heap before GC invocations=91 (full 3):
 PSYoungGen      total 14336K, used 13677K [0x00000000d5580000, 0x00000000d6a80000, 0x0000000100000000)
  eden space 7168K, 100% used [0x00000000d5580000,0x00000000d5c80000,0x00000000d5c80000)
  from space 7168K, 90% used [0x00000000d5c80000,0x00000000d62db4e0,0x00000000d6380000)
  to   space 7168K, 0% used [0x00000000d6380000,0x00000000d6380000,0x00000000d6a80000)
 ParOldGen       total 150528K, used 95157K [0x0000000080000000, 0x0000000089300000, 0x00000000d5580000)
  object space 150528K, 63% used [0x0000000080000000,0x0000000085ced730,0x0000000089300000)
 Metaspace       used 65559K, committed 67008K, reserved 1114112K
  class space    used 7482K, committed 8128K, reserved 1048576K
}
Event: 25.010 GC heap after
{Heap after GC invocations=91 (full 3):
 PSYoungGen      total 13824K, used 6292K [0x00000000d5580000, 0x00000000d6a00000, 0x0000000100000000)
  eden space 7168K, 0% used [0x00000000d5580000,0x00000000d5580000,0x00000000d5c80000)
  from space 6656K, 94% used [0x00000000d6380000,0x00000000d69a50e0,0x00000000d6a00000)
  to   space 6656K, 0% used [0x00000000d5d00000,0x00000000d5d00000,0x00000000d6380000)
 ParOldGen       total 150528K, used 101454K [0x0000000080000000, 0x0000000089300000, 0x00000000d5580000)
  object space 150528K, 67% used [0x0000000080000000,0x00000000863138a8,0x0000000089300000)
 Metaspace       used 65559K, committed 67008K, reserved 1114112K
  class space    used 7482K, committed 8128K, reserved 1048576K
}
Event: 25.041 GC heap before
{Heap before GC invocations=92 (full 3):
 PSYoungGen      total 13824K, used 13460K [0x00000000d5580000, 0x00000000d6a00000, 0x0000000100000000)
  eden space 7168K, 99% used [0x00000000d5580000,0x00000000d5c7fff0,0x00000000d5c80000)
  from space 6656K, 94% used [0x00000000d6380000,0x00000000d69a50e0,0x00000000d6a00000)
  to   space 6656K, 0% used [0x00000000d5d00000,0x00000000d5d00000,0x00000000d6380000)
 ParOldGen       total 150528K, used 101454K [0x0000000080000000, 0x0000000089300000, 0x00000000d5580000)
  object space 150528K, 67% used [0x0000000080000000,0x00000000863138a8,0x0000000089300000)
 Metaspace       used 65775K, committed 67200K, reserved 1114112K
  class space    used 7509K, committed 8128K, reserved 1048576K
}
Event: 25.045 GC heap after
{Heap after GC invocations=92 (full 3):
 PSYoungGen      total 11776K, used 4384K [0x00000000d5580000, 0x00000000d6680000, 0x0000000100000000)
  eden space 7168K, 0% used [0x00000000d5580000,0x00000000d5580000,0x00000000d5c80000)
  from space 4608K, 95% used [0x00000000d5d00000,0x00000000d6148020,0x00000000d6180000)
  to   space 5120K, 0% used [0x00000000d6180000,0x00000000d6180000,0x00000000d6680000)
 ParOldGen       total 150528K, used 107496K [0x0000000080000000, 0x0000000089300000, 0x00000000d5580000)
  object space 150528K, 71% used [0x0000000080000000,0x00000000868fa370,0x0000000089300000)
 Metaspace       used 65775K, committed 67200K, reserved 1114112K
  class space    used 7509K, committed 8128K, reserved 1048576K
}
Event: 25.139 GC heap before
{Heap before GC invocations=93 (full 3):
 PSYoungGen      total 11776K, used 11552K [0x00000000d5580000, 0x00000000d6680000, 0x0000000100000000)
  eden space 7168K, 100% used [0x00000000d5580000,0x00000000d5c80000,0x00000000d5c80000)
  from space 4608K, 95% used [0x00000000d5d00000,0x00000000d6148020,0x00000000d6180000)
  to   space 5120K, 0% used [0x00000000d6180000,0x00000000d6180000,0x00000000d6680000)
 ParOldGen       total 150528K, used 107496K [0x0000000080000000, 0x0000000089300000, 0x00000000d5580000)
  object space 150528K, 71% used [0x0000000080000000,0x00000000868fa370,0x0000000089300000)
 Metaspace       used 66237K, committed 67712K, reserved 1114112K
  class space    used 7563K, committed 8192K, reserved 1048576K
}
Event: 25.142 GC heap after
{Heap after GC invocations=93 (full 3):
 PSYoungGen      total 8704K, used 1248K [0x00000000d5580000, 0x00000000d6300000, 0x0000000100000000)
  eden space 7168K, 0% used [0x00000000d5580000,0x00000000d5580000,0x00000000d5c80000)
  from space 1536K, 81% used [0x00000000d6180000,0x00000000d62b8040,0x00000000d6300000)
  to   space 2560K, 0% used [0x00000000d5e00000,0x00000000d5e00000,0x00000000d6080000)
 ParOldGen       total 150528K, used 111688K [0x0000000080000000, 0x0000000089300000, 0x00000000d5580000)
  object space 150528K, 74% used [0x0000000080000000,0x0000000086d123a0,0x0000000089300000)
 Metaspace       used 66237K, committed 67712K, reserved 1114112K
  class space    used 7563K, committed 8192K, reserved 1048576K
}
Event: 25.186 GC heap before
{Heap before GC invocations=94 (full 3):
 PSYoungGen      total 8704K, used 8416K [0x00000000d5580000, 0x00000000d6300000, 0x0000000100000000)
  eden space 7168K, 100% used [0x00000000d5580000,0x00000000d5c80000,0x00000000d5c80000)
  from space 1536K, 81% used [0x00000000d6180000,0x00000000d62b8040,0x00000000d6300000)
  to   space 2560K, 0% used [0x00000000d5e00000,0x00000000d5e00000,0x00000000d6080000)
 ParOldGen       total 150528K, used 111688K [0x0000000080000000, 0x0000000089300000, 0x00000000d5580000)
  object space 150528K, 74% used [0x0000000080000000,0x0000000086d123a0,0x0000000089300000)
 Metaspace       used 66308K, committed 67776K, reserved 1114112K
  class space    used 7569K, committed 8192K, reserved 1048576K
}
Event: 25.188 GC heap after
{Heap after GC invocations=94 (full 3):
 PSYoungGen      total 9728K, used 700K [0x00000000d5580000, 0x00000000d6200000, 0x0000000100000000)
  eden space 7168K, 0% used [0x00000000d5580000,0x00000000d5580000,0x00000000d5c80000)
  from space 2560K, 27% used [0x00000000d5e00000,0x00000000d5eaf348,0x00000000d6080000)
  to   space 1536K, 0% used [0x00000000d6080000,0x00000000d6080000,0x00000000d6200000)
 ParOldGen       total 150528K, used 112816K [0x0000000080000000, 0x0000000089300000, 0x00000000d5580000)
  object space 150528K, 74% used [0x0000000080000000,0x0000000086e2c3f0,0x0000000089300000)
 Metaspace       used 66308K, committed 67776K, reserved 1114112K
  class space    used 7569K, committed 8192K, reserved 1048576K
}

