# JRE version: OpenJDK Runtime Environment Temurin-21.0.9+10 (21.0.9+10) (build 21.0.9+10-LTS)
# Java VM: OpenJDK 64-Bit Server VM Temurin-21.0.9+10 (21.0.9+10-LTS, mixed mode, sharing, tiered, compressed oops, compressed class ptrs, parallel gc, windows-amd64)
GC Precious Log:
 CardTable entry size: 512
 CPUs: 12 total, 12 available
 Memory: 16163M
 Large Page Support: Disabled
 NUMA Support: Disabled
 Compressed Oops: Enabled (32-bit)
 Alignments: Space 512K, Generation 512K, Heap 2M
 Heap Min Capacity: 100M
 Heap Initial Capacity: 100M
 Heap Max Capacity: 2G
 Pre-touch: Disabled
 Parallel Workers: 10
Heap:
 PSYoungGen      total 4096K, used 1035K [0x00000000d5580000, 0x00000000d5b80000, 0x0000000100000000)
  eden space 3584K, 21% used [0x00000000d5580000,0x00000000d5642c18,0x00000000d5900000)
  from space 512K, 50% used [0x00000000d5b00000,0x00000000d5b40000,0x00000000d5b80000)
  to   space 512K, 0% used [0x00000000d5a80000,0x00000000d5a80000,0x00000000d5b00000)
 ParOldGen       total 752128K, used 751309K [0x0000000080000000, 0x00000000ade80000, 0x00000000d5580000)
  object space 752128K, 99% used [0x0000000080000000,0x00000000addb37a8,0x00000000ade80000)
 Metaspace       used 83969K, committed 85632K, reserved 1179648K
  class space    used 10116K, committed 10816K, reserved 1048576K
GC Heap History (20 events):
Event: 7516.249 GC heap before
{Heap before GC invocations=2691 (full 4):
 PSYoungGen      total 4096K, used 3845K [0x00000000d5580000, 0x00000000d5b00000, 0x0000000100000000)
  eden space 2560K, 100% used [0x00000000d5580000,0x00000000d5800000,0x00000000d5800000)
  from space 1536K, 83% used [0x00000000d5800000,0x00000000d5941538,0x00000000d5980000)
  to   space 1536K, 0% used [0x00000000d5980000,0x00000000d5980000,0x00000000d5b00000)
 ParOldGen       total 749056K, used 748672K [0x0000000080000000, 0x00000000adb80000, 0x00000000d5580000)
  object space 749056K, 99% used [0x0000000080000000,0x00000000adb20208,0x00000000adb80000)
 Metaspace       used 82091K, committed 83648K, reserved 1179648K
  class space    used 9972K, committed 10688K, reserved 1048576K
}
Event: 7516.251 GC heap after
{Heap after GC invocations=2691 (full 4):
 PSYoungGen      total 4096K, used 1182K [0x00000000d5580000, 0x00000000d5b00000, 0x0000000100000000)
  eden space 2560K, 0% used [0x00000000d5580000,0x00000000d5580000,0x00000000d5800000)
  from space 1536K, 76% used [0x00000000d5980000,0x00000000d5aa7a60,0x00000000d5b00000)
  to   space 1536K, 0% used [0x00000000d5800000,0x00000000d5800000,0x00000000d5980000)
 ParOldGen       total 749056K, used 748672K [0x0000000080000000, 0x00000000adb80000, 0x00000000d5580000)
  object space 749056K, 99% used [0x0000000080000000,0x00000000adb20208,0x00000000adb80000)
 Metaspace       used 82091K, committed 83648K, reserved 1179648K
  class space    used 9972K, committed 10688K, reserved 1048576K
}
Event: 7516.256 GC heap before
{Heap before GC invocations=2692 (full 4):
 PSYoungGen      total 4096K, used 3742K [0x00000000d5580000, 0x00000000d5b00000, 0x0000000100000000)
  eden space 2560K, 100% used [0x00000000d5580000,0x00000000d5800000,0x00000000d5800000)
  from space 1536K, 76% used [0x00000000d5980000,0x00000000d5aa7a60,0x00000000d5b00000)
  to   space 1536K, 0% used [0x00000000d5800000,0x00000000d5800000,0x00000000d5980000)
 ParOldGen       total 749056K, used 748672K [0x0000000080000000, 0x00000000adb80000, 0x00000000d5580000)
  object space 749056K, 99% used [0x0000000080000000,0x00000000adb20208,0x00000000adb80000)
 Metaspace       used 82092K, committed 83648K, reserved 1179648K
  class space    used 9972K, committed 10688K, reserved 1048576K
}
Event: 7516.259 GC heap after
{Heap after GC invocations=2692 (full 4):
 PSYoungGen      total 4096K, used 1220K [0x00000000d5580000, 0x00000000d5b80000, 0x0000000100000000)
  eden space 2560K, 0% used [0x00000000d5580000,0x00000000d5580000,0x00000000d5800000)
  from space 1536K, 79% used [0x00000000d5800000,0x00000000d5931108,0x00000000d5980000)
  to   space 1536K, 0% used [0x00000000d5a00000,0x00000000d5a00000,0x00000000d5b80000)
 ParOldGen       total 749056K, used 748680K [0x0000000080000000, 0x00000000adb80000, 0x00000000d5580000)
  object space 749056K, 99% used [0x0000000080000000,0x00000000adb22208,0x00000000adb80000)
 Metaspace       used 82092K, committed 83648K, reserved 1179648K
  class space    used 9972K, committed 10688K, reserved 1048576K
}
Event: 7516.264 GC heap before
{Heap before GC invocations=2693 (full 4):
 PSYoungGen      total 4096K, used 3780K [0x00000000d5580000, 0x00000000d5b80000, 0x0000000100000000)
  eden space 2560K, 100% used [0x00000000d5580000,0x00000000d5800000,0x00000000d5800000)
  from space 1536K, 79% used [0x00000000d5800000,0x00000000d5931108,0x00000000d5980000)
  to   space 1536K, 0% used [0x00000000d5a00000,0x00000000d5a00000,0x00000000d5b80000)
 ParOldGen       total 749056K, used 748680K [0x0000000080000000, 0x00000000adb80000, 0x00000000d5580000)
  object space 749056K, 99% used [0x0000000080000000,0x00000000adb22208,0x00000000adb80000)
 Metaspace       used 82092K, committed 83648K, reserved 1179648K
  class space    used 9972K, committed 10688K, reserved 1048576K
}
Event: 7516.265 GC heap after
{Heap after GC invocations=2693 (full 4):
 PSYoungGen      total 3584K, used 1022K [0x00000000d5580000, 0x00000000d5b00000, 0x0000000100000000)
  eden space 2560K, 0% used [0x00000000d5580000,0x00000000d5580000,0x00000000d5800000)
  from space 1024K, 99% used [0x00000000d5a00000,0x00000000d5affb08,0x00000000d5b00000)
  to   space 1536K, 0% used [0x00000000d5800000,0x00000000d5800000,0x00000000d5980000)
 ParOldGen       total 749056K, used 748680K [0x0000000080000000, 0x00000000adb80000, 0x00000000d5580000)
  object space 749056K, 99% used [0x0000000080000000,0x00000000adb22208,0x00000000adb80000)
 Metaspace       used 82092K, committed 83648K, reserved 1179648K
  class space    used 9972K, committed 10688K, reserved 1048576K
}
Event: 7516.268 GC heap before
{Heap before GC invocations=2694 (full 4):
 PSYoungGen      total 3584K, used 3574K [0x00000000d5580000, 0x00000000d5b00000, 0x0000000100000000)
  eden space 2560K, 99% used [0x00000000d5580000,0x00000000d57fdf90,0x00000000d5800000)
  from space 1024K, 99% used [0x00000000d5a00000,0x00000000d5affb08,0x00000000d5b00000)
  to   space 1536K, 0% used [0x00000000d5800000,0x00000000d5800000,0x00000000d5980000)
 ParOldGen       total 749056K, used 748680K [0x0000000080000000, 0x00000000adb80000, 0x00000000d5580000)
  object space 749056K, 99% used [0x0000000080000000,0x00000000adb22208,0x00000000adb80000)
 Metaspace       used 82092K, committed 83648K, reserved 1179648K
  class space    used 9972K, committed 10688K, reserved 1048576K
}
Event: 7516.270 GC heap after
{Heap after GC invocations=2694 (full 4):
 PSYoungGen      total 4096K, used 378K [0x00000000d5580000, 0x00000000d5a80000, 0x0000000100000000)
  eden space 2560K, 0% used [0x00000000d5580000,0x00000000d5580000,0x00000000d5800000)
  from space 1536K, 24% used [0x00000000d5800000,0x00000000d585e9c8,0x00000000d5980000)
  to   space 1024K, 0% used [0x00000000d5980000,0x00000000d5980000,0x00000000d5a80000)
 ParOldGen       total 749056K, used 748712K [0x0000000080000000, 0x00000000adb80000, 0x00000000d5580000)
  object space 749056K, 99% used [0x0000000080000000,0x00000000adb2a208,0x00000000adb80000)
 Metaspace       used 82092K, committed 83648K, reserved 1179648K
  class space    used 9972K, committed 10688K, reserved 1048576K
}
Event: 7516.273 GC heap before
{Heap before GC invocations=2695 (full 4):
 PSYoungGen      total 4096K, used 2938K [0x00000000d5580000, 0x00000000d5a80000, 0x0000000100000000)
  eden space 2560K, 100% used [0x00000000d5580000,0x00000000d5800000,0x00000000d5800000)
  from space 1536K, 24% used [0x00000000d5800000,0x00000000d585e9c8,0x00000000d5980000)
  to   space 1024K, 0% used [0x00000000d5980000,0x00000000d5980000,0x00000000d5a80000)
 ParOldGen       total 749056K, used 748712K [0x0000000080000000, 0x00000000adb80000, 0x00000000d5580000)
  object space 749056K, 99% used [0x0000000080000000,0x00000000adb2a208,0x00000000adb80000)
 Metaspace       used 82092K, committed 83648K, reserved 1179648K
  class space    used 9972K, committed 10688K, reserved 1048576K
}
Event: 7516.275 GC heap after
{Heap after GC invocations=2695 (full 4):
 PSYoungGen      total 4096K, used 889K [0x00000000d5580000, 0x00000000d5a80000, 0x0000000100000000)
  eden space 3072K, 0% used [0x00000000d5580000,0x00000000d5580000,0x00000000d5880000)
  from space 1024K, 86% used [0x00000000d5980000,0x00000000d5a5e7e8,0x00000000d5a80000)
  to   space 1024K, 0% used [0x00000000d5880000,0x00000000d5880000,0x00000000d5980000)
 ParOldGen       total 749056K, used 748768K [0x0000000080000000, 0x00000000adb80000, 0x00000000d5580000)
  object space 749056K, 99% used [0x0000000080000000,0x00000000adb38208,0x00000000adb80000)
 Metaspace       used 82092K, committed 83648K, reserved 1179648K
  class space    used 9972K, committed 10688K, reserved 1048576K
}
Event: 7516.279 GC heap before
{Heap before GC invocations=2696 (full 4):
 PSYoungGen      total 4096K, used 3961K [0x00000000d5580000, 0x00000000d5a80000, 0x0000000100000000)
  eden space 3072K, 100% used [0x00000000d5580000,0x00000000d5880000,0x00000000d5880000)
  from space 1024K, 86% used [0x00000000d5980000,0x00000000d5a5e7e8,0x00000000d5a80000)
  to   space 1024K, 0% used [0x00000000d5880000,0x00000000d5880000,0x00000000d5980000)
 ParOldGen       total 749056K, used 748768K [0x0000000080000000, 0x00000000adb80000, 0x00000000d5580000)
  object space 749056K, 99% used [0x0000000080000000,0x00000000adb38208,0x00000000adb80000)
 Metaspace       used 82092K, committed 83648K, reserved 1179648K
  class space    used 9972K, committed 10688K, reserved 1048576K
}
Event: 7516.281 GC heap after
{Heap after GC invocations=2696 (full 4):
 PSYoungGen      total 4096K, used 950K [0x00000000d5580000, 0x00000000d5b80000, 0x0000000100000000)
  eden space 3072K, 0% used [0x00000000d5580000,0x00000000d5580000,0x00000000d5880000)
  from space 1024K, 92% used [0x00000000d5880000,0x00000000d596dac0,0x00000000d5980000)
  to   space 1024K, 0% used [0x00000000d5a80000,0x00000000d5a80000,0x00000000d5b80000)
 ParOldGen       total 749056K, used 748872K [0x0000000080000000, 0x00000000adb80000, 0x00000000d5580000)
  object space 749056K, 99% used [0x0000000080000000,0x00000000adb52228,0x00000000adb80000)
 Metaspace       used 82092K, committed 83648K, reserved 1179648K
  class space    used 9972K, committed 10688K, reserved 1048576K
}
Event: 7516.288 GC heap before
{Heap before GC invocations=2697 (full 4):
 PSYoungGen      total 4096K, used 3993K [0x00000000d5580000, 0x00000000d5b80000, 0x0000000100000000)
  eden space 3072K, 99% used [0x00000000d5580000,0x00000000d5878a58,0x00000000d5880000)
  from space 1024K, 92% used [0x00000000d5880000,0x00000000d596dac0,0x00000000d5980000)
  to   space 1024K, 0% used [0x00000000d5a80000,0x00000000d5a80000,0x00000000d5b80000)
 ParOldGen       total 749056K, used 748872K [0x0000000080000000, 0x00000000adb80000, 0x00000000d5580000)
  object space 749056K, 99% used [0x0000000080000000,0x00000000adb52228,0x00000000adb80000)
 Metaspace       used 82095K, committed 83712K, reserved 1179648K
  class space    used 9972K, committed 10688K, reserved 1048576K
}
Event: 7516.291 GC heap after
{Heap after GC invocations=2697 (full 4):
 PSYoungGen      total 4608K, used 999K [0x00000000d5580000, 0x00000000d5c80000, 0x0000000100000000)
  eden space 3584K, 0% used [0x00000000d5580000,0x00000000d5580000,0x00000000d5900000)
  from space 1024K, 97% used [0x00000000d5a80000,0x00000000d5b79f60,0x00000000d5b80000)
  to   space 1536K, 0% used [0x00000000d5900000,0x00000000d5900000,0x00000000d5a80000)
 ParOldGen       total 749568K, used 749259K [0x0000000080000000, 0x00000000adc00000, 0x00000000d5580000)
  object space 749568K, 99% used [0x0000000080000000,0x00000000adbb2d58,0x00000000adc00000)
 Metaspace       used 82095K, committed 83712K, reserved 1179648K
  class space    used 9972K, committed 10688K, reserved 1048576K
}
Event: 7516.316 GC heap before
{Heap before GC invocations=2698 (full 4):
 PSYoungGen      total 4608K, used 4583K [0x00000000d5580000, 0x00000000d5c80000, 0x0000000100000000)
  eden space 3584K, 100% used [0x00000000d5580000,0x00000000d5900000,0x00000000d5900000)
  from space 1024K, 97% used [0x00000000d5a80000,0x00000000d5b79f60,0x00000000d5b80000)
  to   space 1536K, 0% used [0x00000000d5900000,0x00000000d5900000,0x00000000d5a80000)
 ParOldGen       total 749568K, used 749259K [0x0000000080000000, 0x00000000adc00000, 0x00000000d5580000)
  object space 749568K, 99% used [0x0000000080000000,0x00000000adbb2d58,0x00000000adc00000)
 Metaspace       used 82490K, committed 84096K, reserved 1179648K
  class space    used 10002K, committed 10752K, reserved 1048576K
}
Event: 7516.318 GC heap after
{Heap after GC invocations=2698 (full 4):
 PSYoungGen      total 5120K, used 384K [0x00000000d5580000, 0x00000000d5c00000, 0x0000000100000000)
  eden space 3584K, 0% used [0x00000000d5580000,0x00000000d5580000,0x00000000d5900000)
  from space 1536K, 25% used [0x00000000d5900000,0x00000000d5960020,0x00000000d5a80000)
  to   space 1024K, 0% used [0x00000000d5b00000,0x00000000d5b00000,0x00000000d5c00000)
 ParOldGen       total 749568K, used 749403K [0x0000000080000000, 0x00000000adc00000, 0x00000000d5580000)
  object space 749568K, 99% used [0x0000000080000000,0x00000000adbd6d58,0x00000000adc00000)
 Metaspace       used 82490K, committed 84096K, reserved 1179648K
  class space    used 10002K, committed 10752K, reserved 1048576K
}
Event: 7516.351 GC heap before
{Heap before GC invocations=2699 (full 4):
 PSYoungGen      total 5120K, used 3968K [0x00000000d5580000, 0x00000000d5c00000, 0x0000000100000000)
  eden space 3584K, 100% used [0x00000000d5580000,0x00000000d5900000,0x00000000d5900000)
  from space 1536K, 25% used [0x00000000d5900000,0x00000000d5960020,0x00000000d5a80000)
  to   space 1024K, 0% used [0x00000000d5b00000,0x00000000d5b00000,0x00000000d5c00000)
 ParOldGen       total 749568K, used 749403K [0x0000000080000000, 0x00000000adc00000, 0x00000000d5580000)
  object space 749568K, 99% used [0x0000000080000000,0x00000000adbd6d58,0x00000000adc00000)
 Metaspace       used 83034K, committed 84672K, reserved 1179648K
  class space    used 10062K, committed 10816K, reserved 1048576K
}
Event: 7516.353 GC heap after
{Heap after GC invocations=2699 (full 4):
 PSYoungGen      total 4096K, used 256K [0x00000000d5580000, 0x00000000d5b80000, 0x0000000100000000)
  eden space 3584K, 0% used [0x00000000d5580000,0x00000000d5580000,0x00000000d5900000)
  from space 512K, 50% used [0x00000000d5b00000,0x00000000d5b40000,0x00000000d5b80000)
  to   space 512K, 0% used [0x00000000d5a80000,0x00000000d5a80000,0x00000000d5b00000)
 ParOldGen       total 750080K, used 749587K [0x0000000080000000, 0x00000000adc80000, 0x00000000d5580000)
  object space 750080K, 99% used [0x0000000080000000,0x00000000adc04d88,0x00000000adc80000)
 Metaspace       used 83034K, committed 84672K, reserved 1179648K
  class space    used 10062K, committed 10816K, reserved 1048576K
}
Event: 7516.420 GC heap before
{Heap before GC invocations=2700 (full 4):
 PSYoungGen      total 4096K, used 3554K [0x00000000d5580000, 0x00000000d5b80000, 0x0000000100000000)
  eden space 3584K, 92% used [0x00000000d5580000,0x00000000d58b88a8,0x00000000d5900000)
  from space 512K, 50% used [0x00000000d5b00000,0x00000000d5b40000,0x00000000d5b80000)
  to   space 512K, 0% used [0x00000000d5a80000,0x00000000d5a80000,0x00000000d5b00000)
 ParOldGen       total 750080K, used 749587K [0x0000000080000000, 0x00000000adc80000, 0x00000000d5580000)
  object space 750080K, 99% used [0x0000000080000000,0x00000000adc04d88,0x00000000adc80000)
 Metaspace       used 83434K, committed 85056K, reserved 1179648K
  class space    used 10089K, committed 10816K, reserved 1048576K
}
Event: 7516.423 GC heap after
{Heap after GC invocations=2700 (full 4):
 PSYoungGen      total 4096K, used 288K [0x00000000d5580000, 0x00000000d5b80000, 0x0000000100000000)
  eden space 3584K, 0% used [0x00000000d5580000,0x00000000d5580000,0x00000000d5900000)
  from space 512K, 56% used [0x00000000d5a80000,0x00000000d5ac8000,0x00000000d5b00000)
  to   space 512K, 0% used [0x00000000d5b00000,0x00000000d5b00000,0x00000000d5b80000)
 ParOldGen       total 751104K, used 750424K [0x0000000080000000, 0x00000000add80000, 0x00000000d5580000)
  object space 751104K, 99% used [0x0000000080000000,0x00000000adcd6298,0x00000000add80000)
 Metaspace       used 83434K, committed 85056K, reserved 1179648K
  class space    used 10089K, committed 10816K, reserved 1048576K
}

