# JRE version: Java(TM) SE Runtime Environment (20.0.1+9) (build 20.0.1+9-29)
# Java VM: Java HotSpot(TM) 64-Bit Server VM (20.0.1+9-29, mixed mode, sharing, tiered, compressed oops, compressed class ptrs, g1 gc, windows-amd64)
GC Precious Log:
 CardTable entry size: 512
 Card Set container configuration: InlinePtr #cards 5 size 8 Array Of Cards #cards 12 size 40 Howl #buckets 4 coarsen threshold 1843 Howl Bitmap #cards 512 size 80 coarsen threshold 460 Card regions per heap region 1 cards per card region 2048
 CPUs: 12 total, 12 available
 Memory: 16163M
 Large Page Support: Disabled
 NUMA Support: Disabled
 Compressed Oops: Enabled (32-bit)
 Heap Region Size: 1M
 Heap Min Capacity: 8M
 Heap Initial Capacity: 254M
 Heap Max Capacity: 2G
 Pre-touch: Disabled
 Parallel Workers: 10
 Concurrent Workers: 3
 Concurrent Refinement Workers: 10
 Periodic GC: Disabled
Heap:
 garbage-first heap   total 105472K, used 80235K [0x0000000080000000, 0x0000000100000000)
  region size 1024K, 51 young (52224K), 7 survivors (7168K)
 Metaspace       used 53105K, committed 54912K, reserved 487424K
  class space    used 7535K, committed 8384K, reserved 421888K
GC Heap History (18 events):
Event: 0.342 GC heap before
{Heap before GC invocations=0 (full 0):
 garbage-first heap   total 260096K, used 23552K [0x0000000080000000, 0x0000000100000000)
  region size 1024K, 23 young (23552K), 0 survivors (0K)
 Metaspace       used 1021K, committed 1152K, reserved 487424K
  class space    used 75K, committed 128K, reserved 421888K
}
Event: 0.344 GC heap after
{Heap after GC invocations=1 (full 0):
 garbage-first heap   total 260096K, used 2207K [0x0000000080000000, 0x0000000100000000)
  region size 1024K, 3 young (3072K), 3 survivors (3072K)
 Metaspace       used 1021K, committed 1152K, reserved 487424K
  class space    used 75K, committed 128K, reserved 421888K
}
Event: 0.906 GC heap before
{Heap before GC invocations=1 (full 0):
 garbage-first heap   total 260096K, used 41119K [0x0000000080000000, 0x0000000100000000)
  region size 1024K, 39 young (39936K), 3 survivors (3072K)
 Metaspace       used 4477K, committed 4672K, reserved 487424K
  class space    used 558K, committed 640K, reserved 421888K
}
Event: 0.910 GC heap after
{Heap after GC invocations=2 (full 0):
 garbage-first heap   total 260096K, used 10617K [0x0000000080000000, 0x0000000100000000)
  region size 1024K, 5 young (5120K), 5 survivors (5120K)
 Metaspace       used 4477K, committed 4672K, reserved 487424K
  class space    used 558K, committed 640K, reserved 421888K
}
Event: 1.483 GC heap before
{Heap before GC invocations=2 (full 0):
 garbage-first heap   total 260096K, used 62841K [0x0000000080000000, 0x0000000100000000)
  region size 1024K, 54 young (55296K), 5 survivors (5120K)
 Metaspace       used 5870K, committed 6144K, reserved 487424K
  class space    used 770K, committed 896K, reserved 421888K
}
Event: 1.487 GC heap after
{Heap after GC invocations=3 (full 0):
 garbage-first heap   total 260096K, used 17490K [0x0000000080000000, 0x0000000100000000)
  region size 1024K, 6 young (6144K), 6 survivors (6144K)
 Metaspace       used 5870K, committed 6144K, reserved 487424K
  class space    used 770K, committed 896K, reserved 421888K
}
Event: 2.986 GC heap before
{Heap before GC invocations=3 (full 0):
 garbage-first heap   total 260096K, used 102482K [0x0000000080000000, 0x0000000100000000)
  region size 1024K, 89 young (91136K), 6 survivors (6144K)
 Metaspace       used 20903K, committed 21504K, reserved 487424K
  class space    used 2842K, committed 3136K, reserved 421888K
}
Event: 2.992 GC heap after
{Heap after GC invocations=4 (full 0):
 garbage-first heap   total 260096K, used 23054K [0x0000000080000000, 0x0000000100000000)
  region size 1024K, 12 young (12288K), 12 survivors (12288K)
 Metaspace       used 20903K, committed 21504K, reserved 487424K
  class space    used 2842K, committed 3136K, reserved 421888K
}
Event: 4.006 GC heap before
{Heap before GC invocations=5 (full 0):
 garbage-first heap   total 89088K, used 87566K [0x0000000080000000, 0x0000000100000000)
  region size 1024K, 75 young (76800K), 12 survivors (12288K)
 Metaspace       used 28799K, committed 29952K, reserved 487424K
  class space    used 4125K, committed 4672K, reserved 421888K
}
Event: 4.012 GC heap after
{Heap after GC invocations=6 (full 0):
 garbage-first heap   total 105472K, used 26901K [0x0000000080000000, 0x0000000100000000)
  region size 1024K, 10 young (10240K), 10 survivors (10240K)
 Metaspace       used 28799K, committed 29952K, reserved 487424K
  class space    used 4125K, committed 4672K, reserved 421888K
}
Event: 4.495 GC heap before
{Heap before GC invocations=6 (full 0):
 garbage-first heap   total 105472K, used 64789K [0x0000000080000000, 0x0000000100000000)
  region size 1024K, 49 young (50176K), 10 survivors (10240K)
 Metaspace       used 34688K, committed 35968K, reserved 487424K
  class space    used 4858K, committed 5504K, reserved 421888K
}
Event: 4.501 GC heap after
{Heap after GC invocations=7 (full 0):
 garbage-first heap   total 105472K, used 30128K [0x0000000080000000, 0x0000000100000000)
  region size 1024K, 8 young (8192K), 8 survivors (8192K)
 Metaspace       used 34688K, committed 35968K, reserved 487424K
  class space    used 4858K, committed 5504K, reserved 421888K
}
Event: 4.522 GC heap before
{Heap before GC invocations=7 (full 0):
 garbage-first heap   total 105472K, used 32176K [0x0000000080000000, 0x0000000100000000)
  region size 1024K, 11 young (11264K), 8 survivors (8192K)
 Metaspace       used 34998K, committed 36288K, reserved 487424K
  class space    used 4908K, committed 5568K, reserved 421888K
}
Event: 4.526 GC heap after
{Heap after GC invocations=8 (full 0):
 garbage-first heap   total 105472K, used 30725K [0x0000000080000000, 0x0000000100000000)
  region size 1024K, 4 young (4096K), 4 survivors (4096K)
 Metaspace       used 34998K, committed 36288K, reserved 487424K
  class space    used 4908K, committed 5568K, reserved 421888K
}
Event: 5.270 GC heap before
{Heap before GC invocations=9 (full 0):
 garbage-first heap   total 105472K, used 89093K [0x0000000080000000, 0x0000000100000000)
  region size 1024K, 61 young (62464K), 4 survivors (4096K)
 Metaspace       used 38788K, committed 40384K, reserved 487424K
  class space    used 5543K, committed 6336K, reserved 421888K
}
Event: 5.274 GC heap after
{Heap after GC invocations=10 (full 0):
 garbage-first heap   total 105472K, used 33279K [0x0000000080000000, 0x0000000100000000)
  region size 1024K, 7 young (7168K), 7 survivors (7168K)
 Metaspace       used 38788K, committed 40384K, reserved 487424K
  class space    used 5543K, committed 6336K, reserved 421888K
}
Event: 6.065 GC heap before
{Heap before GC invocations=10 (full 0):
 garbage-first heap   total 105472K, used 88575K [0x0000000080000000, 0x0000000100000000)
  region size 1024K, 61 young (62464K), 7 survivors (7168K)
 Metaspace       used 46517K, committed 48256K, reserved 487424K
  class space    used 6607K, committed 7488K, reserved 421888K
}
Event: 6.071 GC heap after
{Heap after GC invocations=11 (full 0):
 garbage-first heap   total 105472K, used 36203K [0x0000000080000000, 0x0000000100000000)
  region size 1024K, 7 young (7168K), 7 survivors (7168K)
 Metaspace       used 46517K, committed 48256K, reserved 487424K
  class space    used 6607K, committed 7488K, reserved 421888K
}

